<?xml version="1.0" encoding="UTF-8"?>
<!-- Generated by org.testng.reporters.JUnitReportReporter -->
<testsuite hostname="LIN41005211" failures="0" tests="4" name="com.AllMethod.AllExecutionDetails" time="2.673" errors="0" timestamp="2022-06-22T09:51:18 IST" skipped="0">
  <testcase classname="com.AllMethod.AllExecutionDetails" name="VerifyGet" time="2.475"/>
  <testcase classname="com.AllMethod.AllExecutionDetails" name="VerifyPost" time="0.109"/>
  <testcase classname="com.AllMethod.AllExecutionDetails" name="VerifyPut" time="0.036"/>
  <testcase classname="com.AllMethod.AllExecutionDetails" name="VerifyDelete" time="0.053"/>
</testsuite> <!-- com.AllMethod.AllExecutionDetails -->
